[debug] [2022-06-13T23:47:28.709Z] ----------------------------------------------------------------------
[debug] [2022-06-13T23:47:28.736Z] Command:       D:\Program Files\nodejs\node.exe C:\Users\oluwa\AppData\Roaming\npm\node_modules\firebase-tools\lib\bin\firebase.js init
[debug] [2022-06-13T23:47:28.736Z] CLI Version:   11.0.1
[debug] [2022-06-13T23:47:28.737Z] Platform:      win32
[debug] [2022-06-13T23:47:28.737Z] Node Version:  v16.14.1
[debug] [2022-06-13T23:47:28.858Z] Time:          Tue Jun 14 2022 00:47:28 GMT+0100 (West Africa Standard Time)
[debug] [2022-06-13T23:47:28.859Z] ----------------------------------------------------------------------
[debug] 
[debug] [2022-06-13T23:47:28.976Z] > command requires scopes: ["email","openid","https://www.googleapis.com/auth/cloudplatformprojects.readonly","https://www.googleapis.com/auth/firebase","https://www.googleapis.com/auth/cloud-platform"]
[debug] [2022-06-13T23:47:28.976Z] > authorizing via signed-in user (stsofela@gmail.com)
[info] 
     ######## #### ########  ######## ########     ###     ######  ########
     ##        ##  ##     ## ##       ##     ##  ##   ##  ##       ##
     ######    ##  ########  ######   ########  #########  ######  ######
     ##        ##  ##    ##  ##       ##     ## ##     ##       ## ##
     ##       #### ##     ## ######## ########  ##     ##  ######  ########

You're about to initialize a Firebase project in this directory:

  D:\Documents\Software Architecture\Projects\the_odin_project\where-is-waldo

Before we get started, keep in mind:

  * You are initializing within an existing Firebase project directory

[info] 
=== Project Setup
[info] 
[info] First, let's associate this project directory with a Firebase project.
[info] You can create multiple project aliases by running firebase use --add, 
[info] but for now we'll just set up a default project.
[info] 
[debug] [2022-06-13T23:48:59.484Z] Using project from CLI flag: where-s-waldo-b7f36
[debug] [2022-06-13T23:48:59.541Z] > refreshing access token with scopes: []
[debug] [2022-06-13T23:48:59.542Z] >>> HTTP REQUEST POST https://www.googleapis.com/oauth2/v3/token  
 <request body omitted>
[debug] [2022-06-13T23:49:20.900Z] Authentication Error: Your credentials are no longer valid. Please run firebase login --reauth

For CI servers and headless environments, generate a new token with firebase login:ci
[debug] [2022-06-13T23:49:20.902Z] FirebaseError: Authentication Error: Your credentials are no longer valid. Please run firebase login --reauth

For CI servers and headless environments, generate a new token with firebase login:ci
    at invalidCredentialError (C:\Users\oluwa\AppData\Roaming\npm\node_modules\firebase-tools\lib\auth.js:145:12)
    at refreshTokens (C:\Users\oluwa\AppData\Roaming\npm\node_modules\firebase-tools\lib\auth.js:485:15)
    at processTicksAndRejections (node:internal/process/task_queues:96:5)
    at async Client.getAccessToken (C:\Users\oluwa\AppData\Roaming\npm\node_modules\firebase-tools\lib\apiv2.js:147:23)
    at async Client.addAuthHeader (C:\Users\oluwa\AppData\Roaming\npm\node_modules\firebase-tools\lib\apiv2.js:138:21)
    at async Client.request (C:\Users\oluwa\AppData\Roaming\npm\node_modules\firebase-tools\lib\apiv2.js:94:34)
    at async getFirebaseProject (C:\Users\oluwa\AppData\Roaming\npm\node_modules\firebase-tools\lib\management\projects.js:296:21)
    at async doSetup (C:\Users\oluwa\AppData\Roaming\npm\node_modules\firebase-tools\lib\init\features\project.js:85:27)
    at async init (C:\Users\oluwa\AppData\Roaming\npm\node_modules\firebase-tools\lib\init\index.js:36:9)
[error] 
[error] Error: Failed to get Firebase project where-s-waldo-b7f36. Please make sure the project exists and your account has permission to access it.
